2026-03-21 17:29:25  INFO  ============================================================
2026-03-21 17:29:25  INFO    NSAI PAPER TRADING Ś IBKR IB Gateway
2026-03-21 17:29:25  INFO    Pair:        JPM/BAC
2026-03-21 17:29:25  INFO    Z threshold: 1.5
2026-03-21 17:29:25  INFO    Dollar size: $50,000/leg
2026-03-21 17:29:25  INFO    Stop loss:   1.0% of notional = $1,000 max per trade
2026-03-21 17:29:25  INFO    Coint gate:  500 bars, p<0.1
2026-03-21 17:29:25  INFO  ============================================================
2026-03-21 17:29:25  INFO  Connecting to 127.0.0.1:7497 with clientId 1...
2026-03-21 17:29:25  INFO  Connected
2026-03-21 17:29:25  INFO  Logged on to server version 176
2026-03-21 17:29:25  INFO  API connection ready
2026-03-21 17:29:25  INFO  Warning 2104, reqId -1: Market data farm connection is OK:usfarm
2026-03-21 17:29:25  INFO  Warning 2107, reqId -1: HMDS data farm connection is inactive but should be available upon demand.ushmds
2026-03-21 17:29:25  INFO  Warning 2158, reqId -1: Sec-def data farm connection is OK:secdefil
2026-03-21 17:29:30  INFO  Disconnecting from 127.0.0.1:7497, 117 B sent in 8 messages, 18.7 kB received in 393 messages, session time 4.74 s.
2026-03-21 17:29:30  INFO  Disconnecting
2026-03-21 17:29:30  INFO  Disconnected.
2026-03-21 17:29:30  ERROR  Failed to connect to IB Gateway: 
2026-03-21 17:29:30  ERROR  Make sure IB Gateway is running and logged into PAPER account.
2026-03-21 17:29:30  ERROR  Port should be 7497 (paper trading).
2026-03-21 17:33:22  INFO  ============================================================
2026-03-21 17:33:22  INFO    NSAI PAPER TRADING Ś IBKR IB Gateway
2026-03-21 17:33:22  INFO    Pair:        JPM/BAC
2026-03-21 17:33:22  INFO    Z threshold: 1.5
2026-03-21 17:33:22  INFO    Dollar size: $50,000/leg
2026-03-21 17:33:22  INFO    Stop loss:   1.0% of notional = $1,000 max per trade
2026-03-21 17:33:22  INFO    Coint gate:  500 bars, p<0.1
2026-03-21 17:33:22  INFO  ============================================================
2026-03-21 17:33:22  INFO  Connecting to 127.0.0.1:7497 with clientId 1...
2026-03-21 17:33:22  INFO  Connected
2026-03-21 17:33:22  INFO  Logged on to server version 176
2026-03-21 17:33:23  INFO  API connection ready
2026-03-21 17:33:23  INFO  Warning 2104, reqId -1: Market data farm connection is OK:usfarm
2026-03-21 17:33:23  INFO  Warning 2107, reqId -1: HMDS data farm connection is inactive but should be available upon demand.ushmds
2026-03-21 17:33:23  INFO  Warning 2158, reqId -1: Sec-def data farm connection is OK:secdefil
2026-03-21 17:33:23  INFO  Synchronization complete
2026-03-21 17:33:23  INFO  Connected to IB Gateway at 127.0.0.1:7497
2026-03-21 17:33:23  INFO  Account Net Liquidation: $1,006,228.92
2026-03-21 17:33:23  INFO  Market not open yet Ś waiting...
2026-03-21 17:33:23  INFO    Current time: 17:33:23 ET Ś market opens at 09:30
2026-03-21 17:34:23  INFO    Current time: 17:34:23 ET Ś market opens at 09:30
2026-03-21 17:35:23  INFO    Current time: 17:35:23 ET Ś market opens at 09:30
2026-03-21 17:36:23  INFO    Current time: 17:36:23 ET Ś market opens at 09:30
2026-03-21 17:37:23  INFO    Current time: 17:37:23 ET Ś market opens at 09:30
2026-03-21 17:38:23  INFO    Current time: 17:38:23 ET Ś market opens at 09:30
2026-03-21 17:39:23  INFO    Current time: 17:39:23 ET Ś market opens at 09:30
2026-03-21 17:40:23  INFO    Current time: 17:40:23 ET Ś market opens at 09:30
2026-03-21 17:41:23  INFO    Current time: 17:41:23 ET Ś market opens at 09:30
2026-03-21 17:42:23  INFO    Current time: 17:42:23 ET Ś market opens at 09:30
2026-03-21 17:43:23  INFO    Current time: 17:43:23 ET Ś market opens at 09:30
2026-03-21 17:44:23  INFO    Current time: 17:44:23 ET Ś market opens at 09:30
2026-03-21 17:45:23  INFO    Current time: 17:45:23 ET Ś market opens at 09:30
2026-03-21 17:46:23  INFO    Current time: 17:46:23 ET Ś market opens at 09:30
2026-03-21 17:47:23  INFO    Current time: 17:47:23 ET Ś market opens at 09:30
2026-03-21 17:48:23  INFO    Current time: 17:48:23 ET Ś market opens at 09:30
2026-03-21 17:49:23  INFO    Current time: 17:49:23 ET Ś market opens at 09:30
2026-03-21 17:50:23  INFO    Current time: 17:50:23 ET Ś market opens at 09:30
2026-03-21 17:51:23  INFO    Current time: 17:51:23 ET Ś market opens at 09:30
2026-03-21 17:52:23  INFO    Current time: 17:52:23 ET Ś market opens at 09:30
2026-03-21 17:53:23  INFO    Current time: 17:53:23 ET Ś market opens at 09:30
2026-03-21 17:54:23  INFO    Current time: 17:54:23 ET Ś market opens at 09:30
2026-03-21 17:55:23  INFO    Current time: 17:55:23 ET Ś market opens at 09:30
2026-03-21 17:56:23  INFO    Current time: 17:56:23 ET Ś market opens at 09:30
2026-03-21 17:57:23  INFO    Current time: 17:57:23 ET Ś market opens at 09:30
2026-03-21 17:58:23  INFO    Current time: 17:58:23 ET Ś market opens at 09:30
2026-03-21 17:59:23  INFO    Current time: 17:59:23 ET Ś market opens at 09:30
2026-03-21 18:00:23  INFO    Current time: 18:00:23 ET Ś market opens at 09:30
2026-03-21 18:01:23  INFO    Current time: 18:01:23 ET Ś market opens at 09:30
2026-03-21 18:02:23  INFO    Current time: 18:02:23 ET Ś market opens at 09:30
2026-03-21 18:03:23  INFO    Current time: 18:03:23 ET Ś market opens at 09:30
2026-03-21 18:04:23  INFO    Current time: 18:04:23 ET Ś market opens at 09:30
2026-03-21 18:05:23  INFO    Current time: 18:05:23 ET Ś market opens at 09:30
2026-03-21 18:06:23  INFO    Current time: 18:06:23 ET Ś market opens at 09:30
2026-03-21 18:07:23  INFO    Current time: 18:07:23 ET Ś market opens at 09:30
2026-03-23 13:28:09  INFO  ============================================================
2026-03-23 13:28:09  INFO    NSAI PAPER TRADING Ś IBKR IB Gateway
2026-03-23 13:28:09  INFO    JPM/BAC | Z=1.5 | $50,000/leg | Stop=1% | Gate=500bars
2026-03-23 13:28:09  INFO  ============================================================
2026-03-23 13:28:09  INFO  Connecting to 127.0.0.1:7497 with clientId 1...
2026-03-23 13:28:09  INFO  Connected
2026-03-23 13:28:10  INFO  Logged on to server version 176
2026-03-23 13:28:10  INFO  API connection ready
2026-03-23 13:28:10  INFO  Warning 2104, reqId -1: Market data farm connection is OK:usfarm
2026-03-23 13:28:10  INFO  Warning 2106, reqId -1: HMDS data farm connection is OK:ushmds
2026-03-23 13:28:10  INFO  Warning 2158, reqId -1: Sec-def data farm connection is OK:secdefil
2026-03-23 13:28:11  INFO  Synchronization complete
2026-03-23 13:28:11  INFO  Connected to IB Gateway Ś Account NLV: $1,006,228.92
2026-03-23 13:28:11  INFO  Fetching historical data for warmup...
2026-03-23 13:28:26  INFO  OLS beta=4.9326, alpha=53.5150
2026-03-23 13:28:26  INFO  Engine warmed up. Entering trading loop.
2026-03-23 13:28:26  INFO  bar=   1  JPM=$291.91  BAC=$47.94  z=-0.001  gate=CLOSED  pos=+0  WAIT
2026-03-23 13:30:07  INFO  bar=   2  JPM=$292.00  BAC=$47.96  z=-0.019  gate=CLOSED  pos=+0  WAIT
2026-03-23 13:35:06  INFO  bar=   3  JPM=$291.63  BAC=$47.90  z=-0.144  gate=CLOSED  pos=+0  WAIT
2026-03-23 13:40:06  INFO  bar=   4  JPM=$291.73  BAC=$47.92  z=-0.005  gate=CLOSED  pos=+0  WAIT
2026-03-23 13:45:05  INFO  bar=   5  JPM=$291.75  BAC=$47.94  z=-0.159  gate=CLOSED  pos=+0  WAIT
2026-03-23 14:09:57  INFO  Warning 2157, reqId -1: Sec-def data farm connection is broken:secdefil
2026-03-23 14:09:57  INFO  Warning 2105, reqId -1: HMDS data farm connection is broken:ushmds
2026-03-23 14:09:57  INFO  Warning 2103, reqId -1: Market data farm connection is broken:usfarm
2026-03-23 14:09:57  ERROR  Error 1100, reqId -1: Connectivity between IBKR and Trader Workstation has been lost.
2026-03-23 14:09:57  INFO  Warning 2106, reqId -1: HMDS data farm connection is OK:ushmds
2026-03-23 14:09:57  INFO  Warning 2158, reqId -1: Sec-def data farm connection is OK:secdefil
2026-03-23 14:09:57  INFO  Warning 2104, reqId -1: Market data farm connection is OK:usfarm
2026-03-23 14:09:57  ERROR  Error 1102, reqId -1: Connectivity between IBKR and Trader Workstation has been restored - data maintained. All data farms are connected: usfarm; ushmds; secdefil.
2026-03-23 14:09:59  INFO  bar=   6  JPM=$292.01  BAC=$47.79  z=+2.013  gate=CLOSED  pos=+0  SHORT
2026-03-23 14:10:09  INFO  bar=   7  JPM=$292.17  BAC=$47.82  z=+0.102  gate=CLOSED  pos=+0  WAIT
2026-03-23 14:23:04  INFO  Warning 2157, reqId -1: Sec-def data farm connection is broken:secdefil
2026-03-23 14:23:04  ERROR  Error 1100, reqId -1: Connectivity between IBKR and Trader Workstation has been lost.
2026-03-23 14:23:04  INFO  Warning 2103, reqId -1: Market data farm connection is broken:usfarm
2026-03-23 14:23:04  INFO  Warning 2105, reqId -1: HMDS data farm connection is broken:ushmds
2026-03-23 14:23:04  INFO  Warning 2158, reqId -1: Sec-def data farm connection is OK:secdefil
2026-03-23 14:23:04  INFO  Warning 2106, reqId -1: HMDS data farm connection is OK:ushmds
2026-03-23 14:23:04  INFO  Warning 2104, reqId -1: Market data farm connection is OK:usfarm
2026-03-23 14:23:04  ERROR  Error 1102, reqId -1: Connectivity between IBKR and Trader Workstation has been restored - data maintained. All data farms are connected: usfarm; ushmds; secdefil.
2026-03-23 14:23:04  INFO  Warning 2157, reqId -1: Sec-def data farm connection is broken:secdefil
2026-03-23 14:23:04  INFO  Warning 2105, reqId -1: HMDS data farm connection is broken:ushmds
2026-03-23 14:23:04  INFO  Warning 2103, reqId -1: Market data farm connection is broken:usfarm
2026-03-23 14:23:04  INFO  Warning 2106, reqId -1: HMDS data farm connection is OK:ushmds
2026-03-23 14:23:04  INFO  Warning 2158, reqId -1: Sec-def data farm connection is OK:secdefil
2026-03-23 14:23:04  INFO  Warning 2104, reqId -1: Market data farm connection is OK:usfarm
2026-03-23 14:23:05  INFO  bar=   8  JPM=$291.91  BAC=$47.82  z=-0.518  gate=CLOSED  pos=+0  WAIT
2026-03-23 14:25:20  INFO  Warning 2103, reqId -1: Market data farm connection is broken:usfarm
2026-03-23 14:25:20  INFO  Warning 2157, reqId -1: Sec-def data farm connection is broken:secdefil
2026-03-23 14:25:20  ERROR  Error 1100, reqId -1: Connectivity between IBKR and Trader Workstation has been lost.
2026-03-23 14:25:20  INFO  Warning 2105, reqId -1: HMDS data farm connection is broken:ushmds
2026-03-23 14:25:21  ERROR  Error 200, reqId 41: No security definition has been found for the request, contract: Stock(symbol='JPM', exchange='SMART', currency='USD')
2026-03-23 14:25:21  WARNING  Unknown contract: Stock(symbol='JPM', exchange='SMART', currency='USD')
2026-03-23 14:25:25  INFO  Warning 2158, reqId -1: Sec-def data farm connection is OK:secdefil
2026-03-23 14:25:25  INFO  Warning 2106, reqId -1: HMDS data farm connection is OK:ushmds
2026-03-23 14:25:25  INFO  bar=   9  JPM=$292.06  BAC=$47.85  z=-0.020  gate=CLOSED  pos=+0  WAIT
2026-03-23 14:43:14  INFO  Warning 2104, reqId -1: Market data farm connection is OK:usfarm
2026-03-23 14:43:14  ERROR  Error 1102, reqId -1: Connectivity between IBKR and Trader Workstation has been restored - data maintained. All data farms are connected: usfarm; ushmds; secdefil.
2026-03-23 14:43:14  INFO  Warning 2157, reqId -1: Sec-def data farm connection is broken:secdefil
2026-03-23 14:43:14  ERROR  Error 1100, reqId -1: Connectivity between IBKR and Trader Workstation has been lost.
2026-03-23 14:43:14  INFO  Warning 2105, reqId -1: HMDS data farm connection is broken:ushmds
2026-03-23 14:43:14  INFO  Warning 2103, reqId -1: Market data farm connection is broken:usfarm
2026-03-23 14:43:14  ERROR  Error 200, reqId 46: No security definition has been found for the request, contract: Stock(symbol='JPM', exchange='SMART', currency='USD')
2026-03-23 14:43:14  WARNING  Unknown contract: Stock(symbol='JPM', exchange='SMART', currency='USD')
2026-03-23 14:43:25  INFO  Warning 2106, reqId -1: HMDS data farm connection is OK:ushmds
2026-03-23 14:43:25  INFO  Warning 2158, reqId -1: Sec-def data farm connection is OK:secdefil
2026-03-23 14:43:26  INFO  Warning 2104, reqId -1: Market data farm connection is OK:usfarm
2026-03-23 14:43:26  ERROR  Error 1102, reqId -1: Connectivity between IBKR and Trader Workstation has been restored - data maintained. All data farms are connected: usfarm; ushmds; secdefil.
2026-03-23 14:43:26  INFO  bar=  10  JPM=$291.47  BAC=$47.70  z=+0.317  gate=CLOSED  pos=+0  WAIT
2026-03-23 14:45:06  INFO  bar=  11  JPM=$291.42  BAC=$47.71  z=-0.188  gate=CLOSED  pos=+0  WAIT
2026-03-23 14:50:06  INFO  bar=  12  JPM=$291.30  BAC=$47.70  z=-0.149  gate=CLOSED  pos=+0  WAIT
2026-03-23 14:52:40  INFO  Stopped by user.
2026-03-23 14:52:40  INFO  Disconnecting from 127.0.0.1:7497, 5.81 kB sent in 64 messages, 478 kB received in 2191 messages, session time 5.07 ks.
2026-03-23 14:52:40  INFO  Disconnecting
2026-03-23 14:52:40  INFO  Disconnected. Session ended.
2026-03-23 14:53:18,200 INFO Connecting to 127.0.0.1:7497 with clientId 1...
2026-03-23 14:53:18,202 INFO Connected
2026-03-23 14:53:18,215 INFO Logged on to server version 176
2026-03-23 14:53:18,224 INFO API connection ready
2026-03-23 14:53:18,225 INFO Warning 2104, reqId -1: Market data farm connection is OK:usfarm
2026-03-23 14:53:18,225 INFO Warning 2106, reqId -1: HMDS data farm connection is OK:ushmds
2026-03-23 14:53:18,226 INFO Warning 2158, reqId -1: Sec-def data farm connection is OK:secdefil
2026-03-23 14:53:18,634 INFO Synchronization complete
2026-03-23 14:53:18,635 INFO Connected to IB Gateway.
2026-03-23 14:53:19,326 INFO Entering Trading Loop...
2026-03-23 14:53:19,992 INFO P1: 291.32 | P2: 47.72 | Z: -0.01 | P-Val: 0.036 | H: 0.23 | Gate: OPEN
2026-03-23 14:55:20,561 INFO P1: 291.46 | P2: 47.75 | Z: -0.09 | P-Val: 0.035 | H: 0.23 | Gate: OPEN
2026-03-23 15:00:21,188 INFO P1: 291.64 | P2: 47.81 | Z: -0.38 | P-Val: 0.034 | H: 0.23 | Gate: OPEN
2026-03-23 15:05:22,831 INFO P1: 290.43 | P2: 47.76 | Z: -1.83 | P-Val: 0.036 | H: 0.23 | Gate: OPEN
2026-03-23 15:10:23,746 INFO P1: 290.88 | P2: 47.65 | Z: 2.18 | P-Val: 0.021 | H: 0.23 | Gate: OPEN
2026-03-27 14:30:58  INFO  ============================================================
2026-03-27 14:30:58  INFO    NSAI PAPER TRADING Ś IBKR IB Gateway
2026-03-27 14:30:58  INFO    JPM/BAC | Z=1.5 | $50,000/leg | Stop=1% | Gate=500bars
2026-03-27 14:30:58  INFO  ============================================================
2026-03-27 14:30:58  INFO  Connecting to 127.0.0.1:7497 with clientId 1...
2026-03-27 14:30:58  INFO  Connected
2026-03-27 14:30:59  INFO  Logged on to server version 176
2026-03-27 14:30:59  INFO  API connection ready
2026-03-27 14:30:59  INFO  Warning 2104, reqId -1: Market data farm connection is OK:usfarm
2026-03-27 14:30:59  INFO  Warning 2106, reqId -1: HMDS data farm connection is OK:ushmds
2026-03-27 14:30:59  INFO  Warning 2158, reqId -1: Sec-def data farm connection is OK:secdefil
2026-03-27 14:31:03  ERROR  open orders request timed out
2026-03-27 14:31:03  ERROR  completed orders request timed out
2026-03-27 14:31:03  INFO  Synchronization complete
2026-03-27 14:31:03  INFO  Connected to IB Gateway Ś Account NLV: $1,006,749.42
2026-03-27 14:31:03  INFO  Fetching historical data for warmup...
2026-03-27 14:31:13  INFO  OLS beta=5.0723, alpha=47.9834
2026-03-27 14:31:13  INFO  Engine warmed up. Entering trading loop.
2026-03-27 14:31:13  INFO  bar=   1  JPM=$283.62  BAC=$47.03  z=+0.004  gate=CLOSED  pos=+0  WAIT
2026-03-27 14:35:07  INFO  bar=   2  JPM=$283.62  BAC=$47.02  z=+0.102  gate=CLOSED  pos=+0  WAIT
2026-03-27 14:40:06  INFO  bar=   3  JPM=$283.51  BAC=$47.00  z=-0.016  gate=CLOSED  pos=+0  WAIT
2026-03-27 14:45:07  INFO  bar=   4  JPM=$283.41  BAC=$47.03  z=-0.511  gate=CLOSED  pos=+0  WAIT
2026-03-27 14:50:06  INFO  bar=   5  JPM=$283.25  BAC=$47.09  z=-0.958  gate=CLOSED  pos=+0  WAIT
2026-03-27 14:56:33  INFO  Warning 2157, reqId -1: Sec-def data farm connection is broken:secdefil
2026-03-27 14:56:33  INFO  Warning 2103, reqId -1: Market data farm connection is broken:usfarm
2026-03-27 14:56:33  INFO  Warning 2105, reqId -1: HMDS data farm connection is broken:ushmds
2026-03-27 14:56:33  ERROR  Error 1100, reqId -1: Connectivity between IBKR and Trader Workstation has been lost.
2026-03-27 14:56:33  INFO  Warning 2158, reqId -1: Sec-def data farm connection is OK:secdefil
2026-03-27 14:56:33  INFO  Warning 2106, reqId -1: HMDS data farm connection is OK:ushmds
2026-03-27 14:56:33  INFO  Warning 2104, reqId -1: Market data farm connection is OK:usfarm
2026-03-27 14:56:33  ERROR  Error 1102, reqId -1: Connectivity between IBKR and Trader Workstation has been restored - data maintained. All data farms are connected: usfarm; ushmds; secdefil.
2026-03-27 14:56:34  INFO  bar=   6  JPM=$282.66  BAC=$46.97  z=-0.020  gate=CLOSED  pos=+0  WAIT
2026-03-27 15:29:50  INFO  Warning 2105, reqId -1: HMDS data farm connection is broken:ushmds
2026-03-27 15:29:50  INFO  Warning 2103, reqId -1: Market data farm connection is broken:usfarm
2026-03-27 15:29:50  INFO  Warning 2157, reqId -1: Sec-def data farm connection is broken:secdefil
2026-03-27 15:29:50  ERROR  Error 1100, reqId -1: Connectivity between IBKR and Trader Workstation has been lost.
2026-03-27 15:29:51  ERROR  Error 200, reqId 32: No security definition has been found for the request, contract: Stock(symbol='JPM', exchange='SMART', currency='USD')
2026-03-27 15:29:51  WARNING  Unknown contract: Stock(symbol='JPM', exchange='SMART', currency='USD')
2026-03-27 15:30:08  INFO  Warning 2157, reqId -1: Sec-def data farm connection is broken:secdefil
2026-03-27 15:30:08  INFO  Warning 2105, reqId -1: HMDS data farm connection is broken:ushmds
2026-03-27 15:30:08  INFO  Warning 2103, reqId -1: Market data farm connection is broken:usfarm
2026-03-27 15:30:11  INFO  Warning 2158, reqId -1: Sec-def data farm connection is OK:secdefil
2026-03-27 15:30:11  INFO  Warning 2106, reqId -1: HMDS data farm connection is OK:ushmds
2026-03-27 15:30:11  INFO  Warning 2104, reqId -1: Market data farm connection is OK:usfarm
2026-03-27 15:30:11  ERROR  Error 1102, reqId -1: Connectivity between IBKR and Trader Workstation has been restored - data maintained. All data farms are connected: usfarm; ushmds; secdefil.
2026-03-27 15:30:12  INFO  bar=   7  JPM=$282.61  BAC=$46.95  z=+0.101  gate=CLOSED  pos=+0  WAIT
2026-03-27 15:35:07  INFO  bar=   8  JPM=$282.61  BAC=$46.95  z=+0.004  gate=CLOSED  pos=+0  WAIT
2026-03-27 15:40:33  INFO  bar=   9  JPM=$282.61  BAC=$46.95  z=+0.000  gate=CLOSED  pos=+0  WAIT
2026-03-27 15:45:14  INFO  bar=  10  JPM=$282.61  BAC=$46.95  z=+0.000  gate=CLOSED  pos=+0  WAIT
2026-03-27 15:50:06  INFO  bar=  11  JPM=$282.61  BAC=$46.95  z=+0.000  gate=CLOSED  pos=+0  WAIT
2026-03-27 15:55:05  INFO  Disconnecting from 127.0.0.1:7497, 4.38 kB sent in 58 messages, 443 kB received in 1554 messages, session time 5.05 ks.
2026-03-27 15:55:05  INFO  Disconnecting
2026-03-27 15:55:05  INFO  Disconnected. Session ended.
